  LR5(2).cpp
C:\Users\Максим\source\repos\LR5(2)\LR5(2)\LR5(2).cpp(124,23): warning C4244: аргумент: преобразование "double" в "T", возможна потеря данных
          with
          [
              T=int
          ]
C:\Users\Максим\source\repos\LR5(2)\LR5(2)\LR5(2).cpp(124,18): warning C4244: аргумент: преобразование "double" в "T", возможна потеря данных
          with
          [
              T=int
          ]
C:\Users\Максим\source\repos\LR5(2)\LR5(2)\LR5(2).cpp(125,23): warning C4244: аргумент: преобразование "double" в "T", возможна потеря данных
          with
          [
              T=int
          ]
C:\Users\Максим\source\repos\LR5(2)\LR5(2)\LR5(2).cpp(125,18): warning C4244: аргумент: преобразование "double" в "T", возможна потеря данных
          with
          [
              T=int
          ]
  LR5(2).vcxproj -> C:\Users\Максим\source\repos\LR5(2)\Debug\LR5(2).exe
